  Body.cpp
  Character.cpp
C:\Users\Maurits Dijkman\OneDrive - Saxion\Bureaublad\CMGT\Year 3\Game Programming\Artificial Intelligence - 307\Engine\GAME307_StudentTemplate\GAME307_StudentTemplate\Character.cpp(10,21): warning C4305: 'initializing': truncation from 'double' to 'float'
C:\Users\Maurits Dijkman\OneDrive - Saxion\Bureaublad\CMGT\Year 3\Game Programming\Artificial Intelligence - 307\Engine\GAME307_StudentTemplate\GAME307_StudentTemplate\Character.cpp(108,20): warning C4244: 'initializing': conversion from 'double' to 'float', possible loss of data
  GameManager.cpp
  KinematicArrive.cpp
  KinematicSeek.cpp
  KinematicSteeringOutput.cpp
  KinematicWander.cpp
C:\Users\Maurits Dijkman\OneDrive - Saxion\Bureaublad\CMGT\Year 3\Game Programming\Artificial Intelligence - 307\Engine\GAME307_StudentTemplate\GAME307_StudentTemplate\KinematicWander.cpp(22,21): warning C4244: 'initializing': conversion from 'int' to 'float', possible loss of data
C:\Users\Maurits Dijkman\OneDrive - Saxion\Bureaublad\CMGT\Year 3\Game Programming\Artificial Intelligence - 307\Engine\GAME307_StudentTemplate\GAME307_StudentTemplate\KinematicWander.cpp(23,18): warning C4244: 'initializing': conversion from 'int' to 'float', possible loss of data
  Main.cpp
  MMath.cpp
  PlayerBody.cpp
C:\Users\Maurits Dijkman\OneDrive - Saxion\Bureaublad\CMGT\Year 3\Game Programming\Artificial Intelligence - 307\Engine\GAME307_StudentTemplate\GAME307_StudentTemplate\PlayerBody.cpp(158,56): warning C4244: 'argument': conversion from 'const Sint32' to 'float', possible loss of data
C:\Users\Maurits Dijkman\OneDrive - Saxion\Bureaublad\CMGT\Year 3\Game Programming\Artificial Intelligence - 307\Engine\GAME307_StudentTemplate\GAME307_StudentTemplate\PlayerBody.cpp(158,40): warning C4244: 'argument': conversion from 'const Sint32' to 'float', possible loss of data
  Scene1.cpp
  Seek.cpp
  StaticBody.cpp
  SteeringBehaviour.cpp
  KinematicBody.cpp
  SteeringOutput.cpp
  Timer.cpp
  VMath.cpp
  Window.cpp
  Generating Code...
  GAME307_StudentTemplate.vcxproj -> C:\Users\Maurits Dijkman\OneDrive - Saxion\Bureaublad\CMGT\Year 3\Game Programming\Artificial Intelligence - 307\Engine\GAME307_StudentTemplate\Debug\GAME307_StudentTemplate.exe
