c:\users\ethan\desktop\school 2022\game production\work\thedisease\game307_studenttemplate\game307_studenttemplate\debug\vc143.pdb
c:\users\ethan\desktop\school 2022\game production\work\thedisease\game307_studenttemplate\game307_studenttemplate\debug\vc143.idb
c:\users\ethan\desktop\school 2022\game production\work\thedisease\game307_studenttemplate\game307_studenttemplate\debug\window.obj
c:\users\ethan\desktop\school 2022\game production\work\thedisease\game307_studenttemplate\game307_studenttemplate\debug\vmath.obj
c:\users\ethan\desktop\school 2022\game production\work\thedisease\game307_studenttemplate\game307_studenttemplate\debug\timer.obj
c:\users\ethan\desktop\school 2022\game production\work\thedisease\game307_studenttemplate\game307_studenttemplate\debug\steeringoutput.obj
c:\users\ethan\desktop\school 2022\game production\work\thedisease\game307_studenttemplate\game307_studenttemplate\debug\kinematicbody.obj
c:\users\ethan\desktop\school 2022\game production\work\thedisease\game307_studenttemplate\game307_studenttemplate\debug\steeringbehaviour.obj
c:\users\ethan\desktop\school 2022\game production\work\thedisease\game307_studenttemplate\game307_studenttemplate\debug\staticbody.obj
c:\users\ethan\desktop\school 2022\game production\work\thedisease\game307_studenttemplate\game307_studenttemplate\debug\seek.obj
c:\users\ethan\desktop\school 2022\game production\work\thedisease\game307_studenttemplate\game307_studenttemplate\debug\playerbody.obj
c:\users\ethan\desktop\school 2022\game production\work\thedisease\game307_studenttemplate\game307_studenttemplate\debug\mmath.obj
c:\users\ethan\desktop\school 2022\game production\work\thedisease\game307_studenttemplate\game307_studenttemplate\debug\main.obj
c:\users\ethan\desktop\school 2022\game production\work\thedisease\game307_studenttemplate\game307_studenttemplate\debug\kinematicwander.obj
c:\users\ethan\desktop\school 2022\game production\work\thedisease\game307_studenttemplate\game307_studenttemplate\debug\kinematicsteeringoutput.obj
c:\users\ethan\desktop\school 2022\game production\work\thedisease\game307_studenttemplate\game307_studenttemplate\debug\kinematicseek.obj
c:\users\ethan\desktop\school 2022\game production\work\thedisease\game307_studenttemplate\game307_studenttemplate\debug\kinematicarrive.obj
c:\users\ethan\desktop\school 2022\game production\work\thedisease\game307_studenttemplate\game307_studenttemplate\debug\gamemanager.obj
c:\users\ethan\desktop\school 2022\game production\work\thedisease\game307_studenttemplate\game307_studenttemplate\debug\body.obj
c:\users\ethan\desktop\school 2022\game production\work\thedisease\game307_studenttemplate\game307_studenttemplate\debug\scenemenu.obj
c:\users\ethan\desktop\school 2022\game production\work\thedisease\game307_studenttemplate\game307_studenttemplate\debug\scene1.obj
c:\users\ethan\desktop\school 2022\game production\work\thedisease\game307_studenttemplate\game307_studenttemplate\debug\character.obj
c:\users\ethan\desktop\school 2022\game production\work\thedisease\game307_studenttemplate\game307_studenttemplate\debug\scenesetting.obj
c:\users\ethan\desktop\school 2022\game production\work\thedisease\game307_studenttemplate\game307_studenttemplate\debug\scenecredit.obj
c:\users\ethan\desktop\school 2022\game production\work\thedisease\game307_studenttemplate\game307_studenttemplate\debug\gameobject.obj
c:\users\ethan\desktop\school 2022\game production\work\thedisease\game307_studenttemplate\game307_studenttemplate\debug\physics.obj
c:\users\ethan\desktop\school 2022\game production\work\thedisease\game307_studenttemplate\game307_studenttemplate\debug\physicsobject.obj
c:\users\ethan\desktop\school 2022\game production\work\thedisease\game307_studenttemplate\debug\game307_studenttemplate.exe
c:\users\ethan\desktop\school 2022\game production\work\thedisease\game307_studenttemplate\game307_studenttemplate\debug\game307_studenttemplate.ilk
c:\users\ethan\desktop\school 2022\game production\work\thedisease\game307_studenttemplate\debug\game307_studenttemplate.pdb
c:\users\ethan\desktop\school 2022\game production\work\thedisease\game307_studenttemplate\game307_studenttemplate\debug\ammunition.obj
c:\users\ethan\desktop\school 2022\game production\work\thedisease\game307_studenttemplate\game307_studenttemplate\debug\enemycharacter.obj
c:\users\ethan\desktop\school 2022\game production\work\thedisease\game307_studenttemplate\game307_studenttemplate\debug\randomizer.obj
c:\users\ethan\desktop\school 2022\game production\work\thedisease\game307_studenttemplate\game307_studenttemplate\debug\game307_.43aaaf36.tlog\cl.command.1.tlog
c:\users\ethan\desktop\school 2022\game production\work\thedisease\game307_studenttemplate\game307_studenttemplate\debug\game307_.43aaaf36.tlog\cl.read.1.tlog
c:\users\ethan\desktop\school 2022\game production\work\thedisease\game307_studenttemplate\game307_studenttemplate\debug\game307_.43aaaf36.tlog\cl.write.1.tlog
c:\users\ethan\desktop\school 2022\game production\work\thedisease\game307_studenttemplate\game307_studenttemplate\debug\game307_.43aaaf36.tlog\link-cvtres.read.1.tlog
c:\users\ethan\desktop\school 2022\game production\work\thedisease\game307_studenttemplate\game307_studenttemplate\debug\game307_.43aaaf36.tlog\link-cvtres.write.1.tlog
c:\users\ethan\desktop\school 2022\game production\work\thedisease\game307_studenttemplate\game307_studenttemplate\debug\game307_.43aaaf36.tlog\link-rc.read.1.tlog
c:\users\ethan\desktop\school 2022\game production\work\thedisease\game307_studenttemplate\game307_studenttemplate\debug\game307_.43aaaf36.tlog\link-rc.write.1.tlog
c:\users\ethan\desktop\school 2022\game production\work\thedisease\game307_studenttemplate\game307_studenttemplate\debug\game307_.43aaaf36.tlog\link.command.1.tlog
c:\users\ethan\desktop\school 2022\game production\work\thedisease\game307_studenttemplate\game307_studenttemplate\debug\game307_.43aaaf36.tlog\link.read.1.tlog
c:\users\ethan\desktop\school 2022\game production\work\thedisease\game307_studenttemplate\game307_studenttemplate\debug\game307_.43aaaf36.tlog\link.write.1.tlog
